0 info it worked if it ends with ok
1 verbose cli [ 'C:\\Program Files\\nodejs\\\\node.exe',
1 verbose cli   'C:\\Program Files\\nodejs\\node_modules\\npm\\bin\\npm-cli.js',
1 verbose cli   'install',
1 verbose cli   '-g',
1 verbose cli   'node-inspector' ]
2 info using npm@1.2.15
3 info using node@v0.10.1
4 verbose node symlink C:\Program Files\nodejs\\node.exe
5 verbose read json C:\Users\D044202\AppData\Roaming\npm\package.json
6 verbose read json C:\Users\D044202\AppData\Roaming\npm\package.json
7 verbose cache add [ 'node-inspector', null ]
8 verbose cache add name=undefined spec="node-inspector" args=["node-inspector",null]
9 verbose parsed url { protocol: null,
9 verbose parsed url   slashes: null,
9 verbose parsed url   auth: null,
9 verbose parsed url   host: null,
9 verbose parsed url   port: null,
9 verbose parsed url   hostname: null,
9 verbose parsed url   hash: null,
9 verbose parsed url   search: null,
9 verbose parsed url   query: null,
9 verbose parsed url   pathname: 'node-inspector',
9 verbose parsed url   path: 'node-inspector',
9 verbose parsed url   href: 'node-inspector' }
10 silly lockFile 4198ef9e-node-inspector node-inspector
11 verbose lock node-inspector C:\Users\D044202\AppData\Roaming\npm-cache\4198ef9e-node-inspector.lock
12 silly lockFile 4198ef9e-node-inspector node-inspector
13 silly lockFile 4198ef9e-node-inspector node-inspector
14 verbose addNamed [ 'node-inspector', '' ]
15 verbose addNamed [ null, '' ]
16 silly lockFile e68b88da-node-inspector node-inspector@
17 verbose lock node-inspector@ C:\Users\D044202\AppData\Roaming\npm-cache\e68b88da-node-inspector.lock
18 silly addNameRange { name: 'node-inspector', range: '', hasData: false }
19 verbose url raw node-inspector
20 verbose url resolving [ 'https://registry.npmjs.org/', './node-inspector' ]
21 verbose url resolved https://registry.npmjs.org/node-inspector
22 info trying registry request attempt 1 at 15:40:50
23 http GET https://registry.npmjs.org/node-inspector
24 info retry will retry, error on last attempt: Error: getaddrinfo ENOTFOUND
25 info trying registry request attempt 2 at 15:41:00
26 http GET https://registry.npmjs.org/node-inspector
27 info retry will retry, error on last attempt: Error: getaddrinfo ENOTFOUND
28 info trying registry request attempt 3 at 15:42:00
29 http GET https://registry.npmjs.org/node-inspector
30 silly lockFile e68b88da-node-inspector node-inspector@
31 silly lockFile e68b88da-node-inspector node-inspector@
32 error Error: getaddrinfo ENOTFOUND
32 error     at errnoException (dns.js:37:11)
32 error     at Object.onanswer [as oncomplete] (dns.js:124:16)
33 error If you need help, you may report this log at:
33 error     <http://github.com/isaacs/npm/issues>
33 error or email it to:
33 error     <npm-@googlegroups.com>
34 error System Windows_NT 6.1.7601
35 error command "C:\\Program Files\\nodejs\\\\node.exe" "C:\\Program Files\\nodejs\\node_modules\\npm\\bin\\npm-cli.js" "install" "-g" "node-inspector"
36 error cwd C:\Users\D044202\workspace\calendar
37 error node -v v0.10.1
38 error npm -v 1.2.15
39 error syscall getaddrinfo
40 error code ENOTFOUND
41 error errno ENOTFOUND
42 verbose exit [ 1, true ]
